<?xml version="1.0" encoding="UTF-8"?>
<!-- Generated by org.testng.reporters.JUnitXMLReporter -->
<testsuite ignored="14" hostname="IN-PG0352PK" failures="0" tests="16" name="Surefire test" time="262.329" errors="0" timestamp="2024-06-20T05:22:09 IST">
  <testcase classname="selective.NewSampleTest" name="f" time="0.256"/>
  <testcase classname="testcases.CartTest" name="testEmptyCart" time="1.945"/>
  <testcase classname="testcases.CompareProductsTest" name="testProductComparison" time="6.046"/>
  <testcase classname="testcases.HomePageTest" name="testHomePageURL" time="3.224"/>
  <testcase classname="testcases.HomePageTest" name="testTopOffer" time="33.042"/>
  <testcase classname="testcases.PhoneNumberTest" name="testPhoneNumberFail" time="44.418"/>
  <testcase classname="testcases.PhoneNumberTest" name="testPhoneNumberPass" time="4.274"/>
  <testcase classname="testcases.PincodeTest" name="testPincodeFail" time="36.821"/>
  <testcase classname="testcases.PincodeTest" name="testPincodePass" time="7.047"/>
  <testcase classname="testcases.SearchFailTest" name="testProductSearchFail_2" time="18.478"/>
  <testcase classname="testcases.SearchFailTest" name="testProductSearchFail_1" time="35.282"/>
  <testcase classname="testcases.SearchPassTest" name="testProductSearch_2" time="5.888"/>
  <testcase classname="testcases.SearchPassTest" name="testProductSearch_1" time="5.629"/>
  <testcase classname="testcases.SocialMediaTest" name="testHomePageSocialsFacebook" time="11.321"/>
  <testcase classname="testcases.SocialMediaTest" name="testHomePageSocialsTwitter" time="12.034"/>
  <testcase classname="testcases.SocialMediaTest" name="testHomePageSocialsYouTube" time="13.288"/>
  <testcase classname="utilities.Base" name="@AfterTest tearDown" time="0.0">
    <ignored/>
  </testcase> <!-- @AfterTest tearDown -->
  <testcase classname="utilities.Base" name="@AfterTest tearDown" time="0.0">
    <ignored/>
  </testcase> <!-- @AfterTest tearDown -->
  <testcase classname="utilities.Base" name="@AfterTest tearDown" time="0.0">
    <ignored/>
  </testcase> <!-- @AfterTest tearDown -->
  <testcase classname="utilities.Base" name="@AfterTest tearDown" time="0.0">
    <ignored/>
  </testcase> <!-- @AfterTest tearDown -->
  <testcase classname="utilities.Base" name="@AfterTest tearDown" time="0.0">
    <ignored/>
  </testcase> <!-- @AfterTest tearDown -->
  <testcase classname="utilities.Base" name="@AfterTest tearDown" time="0.0">
    <ignored/>
  </testcase> <!-- @AfterTest tearDown -->
  <testcase classname="utilities.Base" name="@AfterTest tearDown" time="0.0">
    <ignored/>
  </testcase> <!-- @AfterTest tearDown -->
  <testcase classname="utilities.Base" name="@BeforeTest startReport" time="0.0">
    <ignored/>
  </testcase> <!-- @BeforeTest startReport -->
  <testcase classname="utilities.Base" name="@BeforeTest startReport" time="0.0">
    <ignored/>
  </testcase> <!-- @BeforeTest startReport -->
  <testcase classname="utilities.Base" name="@BeforeTest startReport" time="0.0">
    <ignored/>
  </testcase> <!-- @BeforeTest startReport -->
  <testcase classname="utilities.Base" name="@BeforeTest startReport" time="0.0">
    <ignored/>
  </testcase> <!-- @BeforeTest startReport -->
  <testcase classname="utilities.Base" name="@BeforeTest startReport" time="0.0">
    <ignored/>
  </testcase> <!-- @BeforeTest startReport -->
  <testcase classname="utilities.Base" name="@BeforeTest startReport" time="0.0">
    <ignored/>
  </testcase> <!-- @BeforeTest startReport -->
  <testcase classname="utilities.Base" name="@BeforeTest startReport" time="0.0">
    <ignored/>
  </testcase> <!-- @BeforeTest startReport -->
</testsuite> <!-- Surefire test -->
