<?xml version="1.0" encoding="UTF-8"?>
<!-- Generated by org.testng.reporters.JUnitXMLReporter -->
<testsuite ignored="1" hostname="IN-PG0352PK" failures="0" tests="1" name="Default test" time="39.987" errors="0" timestamp="20 Jun 2024 05:24:47 GMT">
  <testcase classname="testcases.PincodeTest" name="testPincodeFail" time="37.43"/>
  <testcase classname="testcases.PincodeTest" name="testPincodePass" time="0.0">
    <ignored/>
  </testcase> <!-- testPincodePass -->
</testsuite> <!-- Default test -->
