<?xml version="1.0" encoding="UTF-8"?>
<!-- Generated by org.testng.reporters.JUnitXMLReporter -->
<testsuite ignored="18" hostname="IN-PG0352PK" failures="0" tests="20" name="Test" time="439.874" errors="0" timestamp="20 Jun 2024 04:13:12 GMT">
  <testcase classname="testcases.HomePageTest" name="testHomePageURL" time="6.6"/>
  <testcase classname="testcases.HomePageTest" name="testTopOffer" time="34.249"/>
  <testcase classname="testcases.FilterTest" name="testFilterMax" time="38.269"/>
  <testcase classname="testcases.SocialMediaTest" name="testHomePageSocialsFacebook" time="10.759"/>
  <testcase classname="testcases.CartTest" name="testEmptyCart" time="17.933"/>
  <testcase classname="testcases.SearchPassTest" name="testProductSearch_2" time="9.939"/>
  <testcase classname="testcases.CustomerHelpTest" name="testCutomerCare" time="3.45"/>
  <testcase classname="testcases.PhoneNumberTest" name="testPhoneNumberPass" time="6.66"/>
  <testcase classname="testcases.SearchFailTest" name="testProductSearchFail_2" time="18.277"/>
  <testcase classname="testcases.PincodeTest" name="testPincodePass" time="10.882"/>
  <testcase classname="testcases.FilterTest" name="testFilterMin" time="17.415"/>
  <testcase classname="testcases.PhoneNumberTest" name="testPhoneNumberFail" time="81.311"/>
  <testcase classname="testcases.CartTest" name="testAddedCart" time="8.193"/>
  <testcase classname="testcases.SearchFailTest" name="testProductSearchFail_1" time="34.598"/>
  <testcase classname="testcases.CompareProductsTest" name="testProductComparison" time="6.025"/>
  <testcase classname="testcases.PincodeTest" name="testPincodeFail" time="38.582"/>
  <testcase classname="testcases.SocialMediaTest" name="testHomePageSocialsTwitter" time="12.595"/>
  <testcase classname="testcases.SearchPassTest" name="testProductSearch_1" time="5.855"/>
  <testcase classname="testcases.CartTest" name="testSaveLaterCart" time="38.661"/>
  <testcase classname="testcases.SocialMediaTest" name="testHomePageSocialsYouTube" time="6.895"/>
  <testcase classname="utilities.Base" name="@BeforeTest startReport" time="0.0">
    <ignored/>
  </testcase> <!-- @BeforeTest startReport -->
  <testcase classname="utilities.Base" name="@BeforeTest startReport" time="0.0">
    <ignored/>
  </testcase> <!-- @BeforeTest startReport -->
  <testcase classname="utilities.Base" name="@BeforeTest startReport" time="0.0">
    <ignored/>
  </testcase> <!-- @BeforeTest startReport -->
  <testcase classname="utilities.Base" name="@BeforeTest startReport" time="0.0">
    <ignored/>
  </testcase> <!-- @BeforeTest startReport -->
  <testcase classname="utilities.Base" name="@BeforeTest startReport" time="0.0">
    <ignored/>
  </testcase> <!-- @BeforeTest startReport -->
  <testcase classname="utilities.Base" name="@BeforeTest startReport" time="0.0">
    <ignored/>
  </testcase> <!-- @BeforeTest startReport -->
  <testcase classname="utilities.Base" name="@BeforeTest startReport" time="0.0">
    <ignored/>
  </testcase> <!-- @BeforeTest startReport -->
  <testcase classname="utilities.Base" name="@BeforeTest startReport" time="0.0">
    <ignored/>
  </testcase> <!-- @BeforeTest startReport -->
  <testcase classname="utilities.Base" name="@BeforeTest startReport" time="0.0">
    <ignored/>
  </testcase> <!-- @BeforeTest startReport -->
  <testcase classname="utilities.Base" name="@AfterTest tearDown" time="0.0">
    <ignored/>
  </testcase> <!-- @AfterTest tearDown -->
  <testcase classname="utilities.Base" name="@AfterTest tearDown" time="0.0">
    <ignored/>
  </testcase> <!-- @AfterTest tearDown -->
  <testcase classname="utilities.Base" name="@AfterTest tearDown" time="0.0">
    <ignored/>
  </testcase> <!-- @AfterTest tearDown -->
  <testcase classname="utilities.Base" name="@AfterTest tearDown" time="0.0">
    <ignored/>
  </testcase> <!-- @AfterTest tearDown -->
  <testcase classname="utilities.Base" name="@AfterTest tearDown" time="0.0">
    <ignored/>
  </testcase> <!-- @AfterTest tearDown -->
  <testcase classname="utilities.Base" name="@AfterTest tearDown" time="0.0">
    <ignored/>
  </testcase> <!-- @AfterTest tearDown -->
  <testcase classname="utilities.Base" name="@AfterTest tearDown" time="0.0">
    <ignored/>
  </testcase> <!-- @AfterTest tearDown -->
  <testcase classname="utilities.Base" name="@AfterTest tearDown" time="0.0">
    <ignored/>
  </testcase> <!-- @AfterTest tearDown -->
  <testcase classname="utilities.Base" name="@AfterTest tearDown" time="0.0">
    <ignored/>
  </testcase> <!-- @AfterTest tearDown -->
</testsuite> <!-- Test -->
