<?xml version="1.0" encoding="UTF-8"?>
<testng-results ignored="1" total="2" passed="1" failed="0" skipped="0">
  <reporter-output>
  </reporter-output>
  <suite started-at="2024-06-20T05:24:07Z" name="Default suite" finished-at="2024-06-20T05:24:47Z" duration-ms="39987">
    <groups>
      <group name="Fail">
        <method signature="PincodeTest.testPincodeFail()[pri:2, instance:testcases.PincodeTest@5884a914]" name="testPincodeFail" class="testcases.PincodeTest"/>
      </group> <!-- Fail -->
    </groups>
    <test started-at="2024-06-20T05:24:07Z" name="Default test" finished-at="2024-06-20T05:24:47Z" duration-ms="39987">
      <class name="testcases.PincodeTest">
        <test-method is-config="true" signature="startReport()[pri:0, instance:testcases.PincodeTest@5884a914]" started-at="2024-06-20T10:54:07Z" name="startReport" finished-at="2024-06-20T10:54:08Z" duration-ms="267" status="PASS">
          <reporter-output>
          </reporter-output>
        </test-method> <!-- startReport -->
        <test-method is-config="true" signature="Setup(java.lang.reflect.Method)[pri:0, instance:testcases.PincodeTest@5884a914]" started-at="2024-06-20T10:54:08Z" name="Setup" finished-at="2024-06-20T10:54:09Z" duration-ms="1678" status="PASS">
          <params>
            <param index="0">
              <value>
                <![CDATA[public void testcases.PincodeTest.testPincodeFail()]]>
              </value>
            </param>
          </params>
          <reporter-output>
          </reporter-output>
        </test-method> <!-- Setup -->
        <test-method signature="testPincodeFail()[pri:2, instance:testcases.PincodeTest@5884a914]" started-at="2024-06-20T10:54:09Z" name="testPincodeFail" finished-at="2024-06-20T10:54:47Z" duration-ms="37430" status="PASS">
          <reporter-output>
          </reporter-output>
        </test-method> <!-- testPincodeFail -->
        <test-method is-config="true" signature="getResult(org.testng.ITestResult)[pri:0, instance:testcases.PincodeTest@5884a914]" started-at="2024-06-20T10:54:47Z" name="getResult" finished-at="2024-06-20T10:54:47Z" duration-ms="288" status="PASS">
          <params>
            <param index="0">
              <value>
                <![CDATA[[TestResult name=testPincodeFail status=SUCCESS method=PincodeTest.testPincodeFail()[pri:2, instance:testcases.PincodeTest@5884a914] output={null}]]]>
              </value>
            </param>
          </params>
          <reporter-output>
          </reporter-output>
        </test-method> <!-- getResult -->
        <test-method is-config="true" signature="tearDown()[pri:0, instance:testcases.PincodeTest@5884a914]" started-at="2024-06-20T10:54:47Z" name="tearDown" finished-at="2024-06-20T10:54:47Z" duration-ms="314" status="PASS">
          <reporter-output>
          </reporter-output>
        </test-method> <!-- tearDown -->
      </class> <!-- testcases.PincodeTest -->
    </test> <!-- Default test -->
  </suite> <!-- Default suite -->
</testng-results>
