<?xml version="1.0" encoding="UTF-8"?>
<testng-results ignored="0" total="2" passed="2" failed="0" skipped="0">
  <reporter-output>
  </reporter-output>
  <suite started-at="2024-06-20T02:26:27Z" name="Default suite" finished-at="2024-06-20T02:27:15Z" duration-ms="47439">
    <groups>
    </groups>
    <test started-at="2024-06-20T02:26:27Z" name="Default test" finished-at="2024-06-20T02:27:15Z" duration-ms="47439">
      <class name="testcases.FilterTest">
        <test-method is-config="true" signature="startReport()[pri:0, instance:testcases.FilterTest@30f842ca]" started-at="2024-06-20T07:56:27Z" name="startReport" finished-at="2024-06-20T07:56:27Z" duration-ms="246" status="PASS">
          <reporter-output>
          </reporter-output>
        </test-method> <!-- startReport -->
        <test-method is-config="true" signature="Setup(java.lang.reflect.Method)[pri:0, instance:testcases.FilterTest@30f842ca]" started-at="2024-06-20T07:56:27Z" name="Setup" finished-at="2024-06-20T07:56:29Z" duration-ms="2097" status="PASS">
          <params>
            <param index="0">
              <value>
                <![CDATA[public void testcases.FilterTest.testFilterMax() throws java.io.IOException]]>
              </value>
            </param>
          </params>
          <reporter-output>
          </reporter-output>
        </test-method> <!-- Setup -->
        <test-method signature="testFilterMax()[pri:1, instance:testcases.FilterTest@30f842ca]" started-at="2024-06-20T07:56:29Z" name="testFilterMax" finished-at="2024-06-20T07:57:06Z" duration-ms="36576" status="PASS">
          <reporter-output>
          </reporter-output>
        </test-method> <!-- testFilterMax -->
        <test-method is-config="true" signature="getResult(org.testng.ITestResult)[pri:0, instance:testcases.FilterTest@30f842ca]" started-at="2024-06-20T07:57:06Z" name="getResult" finished-at="2024-06-20T07:57:06Z" duration-ms="247" status="PASS">
          <params>
            <param index="0">
              <value>
                <![CDATA[[TestResult name=testFilterMax status=SUCCESS method=FilterTest.testFilterMax()[pri:1, instance:testcases.FilterTest@30f842ca] output={null}]]]>
              </value>
            </param>
          </params>
          <reporter-output>
          </reporter-output>
        </test-method> <!-- getResult -->
        <test-method is-config="true" signature="Setup(java.lang.reflect.Method)[pri:0, instance:testcases.FilterTest@30f842ca]" started-at="2024-06-20T07:57:06Z" name="Setup" finished-at="2024-06-20T07:57:07Z" duration-ms="1037" status="PASS">
          <params>
            <param index="0">
              <value>
                <![CDATA[public void testcases.FilterTest.testFilterMin() throws java.io.IOException]]>
              </value>
            </param>
          </params>
          <reporter-output>
          </reporter-output>
        </test-method> <!-- Setup -->
        <test-method signature="testFilterMin()[pri:2, instance:testcases.FilterTest@30f842ca]" started-at="2024-06-20T07:57:07Z" name="testFilterMin" finished-at="2024-06-20T07:57:14Z" duration-ms="6622" status="PASS">
          <reporter-output>
          </reporter-output>
        </test-method> <!-- testFilterMin -->
        <test-method is-config="true" signature="getResult(org.testng.ITestResult)[pri:0, instance:testcases.FilterTest@30f842ca]" started-at="2024-06-20T07:57:14Z" name="getResult" finished-at="2024-06-20T07:57:14Z" duration-ms="252" status="PASS">
          <params>
            <param index="0">
              <value>
                <![CDATA[[TestResult name=testFilterMin status=SUCCESS method=FilterTest.testFilterMin()[pri:2, instance:testcases.FilterTest@30f842ca] output={null}]]]>
              </value>
            </param>
          </params>
          <reporter-output>
          </reporter-output>
        </test-method> <!-- getResult -->
        <test-method is-config="true" signature="tearDown()[pri:0, instance:testcases.FilterTest@30f842ca]" started-at="2024-06-20T07:57:14Z" name="tearDown" finished-at="2024-06-20T07:57:15Z" duration-ms="346" status="PASS">
          <reporter-output>
          </reporter-output>
        </test-method> <!-- tearDown -->
      </class> <!-- testcases.FilterTest -->
    </test> <!-- Default test -->
  </suite> <!-- Default suite -->
</testng-results>
