<?xml version="1.0" encoding="UTF-8"?>
<!-- Generated by org.testng.reporters.JUnitXMLReporter -->
<testsuite ignored="0" hostname="IN-PG0352PK" failures="0" tests="4" name="TemporaryTest" time="29.184" errors="0" timestamp="15 Jun 2024 08:29:12 GMT">
  <testcase classname="testcases.HomePageTest" name="testHomePageSocialsFacebook" time="6.138"/>
  <testcase classname="testcases.HomePageTest" name="testHomePageSocialsTwitter" time="11.211"/>
  <testcase classname="testcases.HomePageTest" name="testHomePageSocialsYouTube" time="4.339"/>
  <testcase classname="testcases.HomePageTest" name="testHomePageURL" time="1.071"/>
</testsuite> <!-- TemporaryTest -->
